0 info it worked if it ends with ok
1 verbose cli [ '/usr/bin/node', '/usr/bin/npm', 'run', 'backend' ]
2 info using npm@3.10.10
3 info using node@v6.14.1
4 verbose run-script [ 'prebackend', 'backend', 'postbackend' ]
5 info lifecycle crypthub@1.0.0~prebackend: crypthub@1.0.0
6 silly lifecycle crypthub@1.0.0~prebackend: no script for prebackend, continuing
7 info lifecycle crypthub@1.0.0~backend: crypthub@1.0.0
8 verbose lifecycle crypthub@1.0.0~backend: unsafe-perm in lifecycle true
9 verbose lifecycle crypthub@1.0.0~backend: PATH: /usr/lib/node_modules/npm/bin/node-gyp-bin:/home/rladbsgh/Documents/Brown/Semester_IV/CS1320/crypthub/node_modules/.bin:/usr/lib/node_modules/npm/bin/node-gyp-bin:/home/rladbsgh/Documents/Brown/Semester_IV/CS1320/crypthub/node_modules/.bin:/home/rladbsgh/bin:/home/rladbsgh/.local/bin:/usr/local/cuda-9.1/bin:/home/rladbsgh/anaconda2/bin:/usr/local/cuda-9.1/bin:/home/rladbsgh/anaconda2/bin:/home/rladbsgh/bin:/home/rladbsgh/.local/bin:/usr/local/sbin:/usr/local/bin:/usr/sbin:/usr/bin:/sbin:/bin:/usr/games:/usr/local/games:/usr/lib/jvm/java-8-oracle/bin:/usr/lib/jvm/java-8-oracle/db/bin:/usr/lib/jvm/java-8-oracle/jre/bin:/usr/lib/jvm/java-8-oracle/bin:/usr/lib/jvm/java-8-oracle/db/bin:/usr/lib/jvm/java-8-oracle/jre/bin
10 verbose lifecycle crypthub@1.0.0~backend: CWD: /home/rladbsgh/Documents/Brown/Semester_IV/CS1320/crypthub
11 silly lifecycle crypthub@1.0.0~backend: Args: [ '-c', 'node src/backend/backend.js' ]
12 silly lifecycle crypthub@1.0.0~backend: Returned: code: 1  signal: null
13 info lifecycle crypthub@1.0.0~backend: Failed to exec backend script
14 verbose stack Error: crypthub@1.0.0 backend: `node src/backend/backend.js`
14 verbose stack Exit status 1
14 verbose stack     at EventEmitter.<anonymous> (/usr/lib/node_modules/npm/lib/utils/lifecycle.js:255:16)
14 verbose stack     at emitTwo (events.js:106:13)
14 verbose stack     at EventEmitter.emit (events.js:191:7)
14 verbose stack     at ChildProcess.<anonymous> (/usr/lib/node_modules/npm/lib/utils/spawn.js:40:14)
14 verbose stack     at emitTwo (events.js:106:13)
14 verbose stack     at ChildProcess.emit (events.js:191:7)
14 verbose stack     at maybeClose (internal/child_process.js:920:16)
14 verbose stack     at Process.ChildProcess._handle.onexit (internal/child_process.js:230:5)
15 verbose pkgid crypthub@1.0.0
16 verbose cwd /home/rladbsgh/Documents/Brown/Semester_IV/CS1320/crypthub
17 error Linux 4.13.0-37-generic
18 error argv "/usr/bin/node" "/usr/bin/npm" "run" "backend"
19 error node v6.14.1
20 error npm  v3.10.10
21 error code ELIFECYCLE
22 error crypthub@1.0.0 backend: `node src/backend/backend.js`
22 error Exit status 1
23 error Failed at the crypthub@1.0.0 backend script 'node src/backend/backend.js'.
23 error Make sure you have the latest version of node.js and npm installed.
23 error If you do, this is most likely a problem with the crypthub package,
23 error not with npm itself.
23 error Tell the author that this fails on your system:
23 error     node src/backend/backend.js
23 error You can get information on how to open an issue for this project with:
23 error     npm bugs crypthub
23 error Or if that isn't available, you can get their info via:
23 error     npm owner ls crypthub
23 error There is likely additional logging output above.
24 verbose exit [ 1, true ]
